This is TeX, Version 3.141592653 (TeX Live 2023/Debian) (preloaded format=tex 2024.10.9)  22 DEC 2024 17:25
**lecture-09.tex
(./lecture-09.tex (./macros/epsf.tex
This is `epsf.tex' v2.7k <10 July 1997>
\epsffilein=\read0
\epsfframemargin=\dimen16
\epsfframethickness=\dimen17
\epsfrsize=\dimen18
\epsftmp=\dimen19
\epsftsize=\dimen20
\epsfxsize=\dimen21
\epsfysize=\dimen22
\pspoints=\dimen23
\epsfnoopenhelp=\toks12
) (./macros/eplain.tex)
(/usr/share/texlive/texmf-dist/tex/plain/amsfonts/amssym.tex
(/usr/share/texlive/texmf-dist/tex/plain/amsfonts/amssym.def
\msafam=\fam8
\msbfam=\fam9
\eufmfam=\fam10
))
Underfull \vbox (badness 1033) has occurred while \output is active
\vbox(654.41338+3.5)x426.79134, glue set 2.17899
.\glue(\topskip) 0.0
.\hbox(0.0+0.0)x426.79134, glue set 426.79134fil
..\penalty 10000
..\penalty 10000
..\glue(\parfillskip) 0.0 plus 1.0fil
..\glue(\rightskip) 0.0
.\glue -60.0
.\glue(\parskip) 0.0
.\glue(\lineskip) 1.0
.etc.

 [1]
[2] [3] [4] [5] [6] [7] )
Output written on lecture-09.dvi (7 pages, 32500 bytes).
