This is TeX, Version 3.141592653 (TeX Live 2023/Debian) (preloaded format=tex 2025.2.13)  23 OCT 2025 10:32
**lecture-01.tex
(./lecture-01.tex (./macros/epsf.tex
This is `epsf.tex' v2.7k <10 July 1997>
\epsffilein=\read0
\epsfframemargin=\dimen16
\epsfframethickness=\dimen17
\epsfrsize=\dimen18
\epsftmp=\dimen19
\epsftsize=\dimen20
\epsfxsize=\dimen21
\epsfysize=\dimen22
\pspoints=\dimen23
\epsfnoopenhelp=\toks12
) (./macros/eplain.tex)
(/usr/share/texlive/texmf-dist/tex/plain/amsfonts/amssym.tex
(/usr/share/texlive/texmf-dist/tex/plain/amsfonts/amssym.def
\msafam=\fam8
\msbfam=\fam9
\eufmfam=\fam10
)) [1] [2] [3]
[4] [5] [6] [7] [8] [9] [10] )
Output written on lecture-01.dvi (10 pages, 35452 bytes).
