This is TeX, Version 3.141592653 (TeX Live 2023/Debian) (preloaded format=tex 2024.10.9)  22 DEC 2024 17:25
**lecture-10.tex
(./lecture-10.tex (./macros/epsf.tex
This is `epsf.tex' v2.7k <10 July 1997>
\epsffilein=\read0
\epsfframemargin=\dimen16
\epsfframethickness=\dimen17
\epsfrsize=\dimen18
\epsftmp=\dimen19
\epsftsize=\dimen20
\epsfxsize=\dimen21
\epsfysize=\dimen22
\pspoints=\dimen23
\epsfnoopenhelp=\toks12
) (./macros/eplain.tex)
(/usr/share/texlive/texmf-dist/tex/plain/amsfonts/amssym.tex
(/usr/share/texlive/texmf-dist/tex/plain/amsfonts/amssym.def
\msafam=\fam8
\msbfam=\fam9
\eufmfam=\fam10
)) [1] [2] [3]
[4]
Missing character: There is no ^^c2 in font cmr10!
Missing character: There is no ^^b1 in font cmr10!
 [5] [6] )
Output written on lecture-10.dvi (6 pages, 29096 bytes).
